<?xml version="1.0" encoding="UTF-8" ?>
<testsuite errors="0" failures="0" hostname="user-HP" name="auctionhaus.ListingServiceTests" tests="2" time="0.405" timestamp="2012-04-12T23:55:52">
  <properties />
  <testcase classname="auctionhaus.ListingServiceTests" name="testaddBidToListing" time="0.22" />
  <testcase classname="auctionhaus.ListingServiceTests" name="testaddNewListing" time="0.11" />
  <system-out><![CDATA[--Output from testaddBidToListing--
--Output from testaddNewListing--
]]></system-out>
  <system-err><![CDATA[--Output from testaddBidToListing--
--Output from testaddNewListing--
]]></system-err>
</testsuite>
