<?xml version="1.0" encoding="UTF-8" ?>
<testsuite errors="0" failures="0" hostname="user-HP" name="auctionhaus.ListingTests" tests="9" time="0.281" timestamp="2012-02-15T22:47:45">
  <properties />
  <testcase classname="auctionhaus.ListingTests" name="testNameIsRequired" time="0.032" />
  <testcase classname="auctionhaus.ListingTests" name="testNameIsNotBlank" time="0.015" />
  <testcase classname="auctionhaus.ListingTests" name="testLengthOfName" time="0.031" />
  <testcase classname="auctionhaus.ListingTests" name="testDateNotNull" time="0.031" />
  <testcase classname="auctionhaus.ListingTests" name="testDateIsInFuture" time="0.015" />
  <testcase classname="auctionhaus.ListingTests" name="testStartingPriceIsRequired" time="0.016" />
  <testcase classname="auctionhaus.ListingTests" name="testStartingPriceIsValid" time="0.016" />
  <testcase classname="auctionhaus.ListingTests" name="testSellerIsRequired" time="0.016" />
  <testcase classname="auctionhaus.ListingTests" name="testLengthOfDescription" time="0.031" />
  <system-out><![CDATA[--Output from testNameIsRequired--
--Output from testNameIsNotBlank--
--Output from testLengthOfName--
--Output from testDateNotNull--
--Output from testDateIsInFuture--
--Output from testStartingPriceIsRequired--
--Output from testStartingPriceIsValid--
--Output from testSellerIsRequired--
--Output from testLengthOfDescription--
]]></system-out>
  <system-err><![CDATA[--Output from testNameIsRequired--
--Output from testNameIsNotBlank--
--Output from testLengthOfName--
--Output from testDateNotNull--
--Output from testDateIsInFuture--
--Output from testStartingPriceIsRequired--
--Output from testStartingPriceIsValid--
--Output from testSellerIsRequired--
--Output from testLengthOfDescription--
]]></system-err>
</testsuite>
