<?xml version="1.0" encoding="UTF-8" ?>
<testsuite errors="0" failures="0" hostname="CFOIT200756262" name="auctionhaus.CustomerControllerTests" tests="1" time="6.708" timestamp="2012-04-02T18:34:46">
  <properties />
  <testcase classname="auctionhaus.CustomerControllerTests" name="testDelete" time="6.619" />
  <system-out><![CDATA[]]></system-out>
  <system-err><![CDATA[--Output from testDelete--
]]></system-err>
</testsuite>
