<?xml version="1.0" encoding="UTF-8" ?>
<testsuite errors="0" failures="0" hostname="user-HP" name="auctionhaus.CustomerTests" tests="7" time="0.463" timestamp="2012-02-16T00:40:47">
  <properties />
  <testcase classname="auctionhaus.CustomerTests" name="testPasswordIsBetweenRightSize" time="0.179" />
  <testcase classname="auctionhaus.CustomerTests" name="testPasswordIsAboveMin" time="0.037" />
  <testcase classname="auctionhaus.CustomerTests" name="testEmailIsValid" time="0.054" />
  <testcase classname="auctionhaus.CustomerTests" name="testPasswordIsBelowMax" time="0.028" />
  <testcase classname="auctionhaus.CustomerTests" name="testDateCreatedIsRequired" time="0.025" />
  <testcase classname="auctionhaus.CustomerTests" name="testPasswordIsRequired" time="0.036" />
  <testcase classname="auctionhaus.CustomerTests" name="testEmailIsRequired" time="0.025" />
  <system-out><![CDATA[--Output from testPasswordIsBetweenRightSize--
--Output from testPasswordIsAboveMin--
--Output from testEmailIsValid--
--Output from testPasswordIsBelowMax--
--Output from testDateCreatedIsRequired--
--Output from testPasswordIsRequired--
--Output from testEmailIsRequired--
]]></system-out>
  <system-err><![CDATA[--Output from testPasswordIsBetweenRightSize--
--Output from testPasswordIsAboveMin--
--Output from testEmailIsValid--
--Output from testPasswordIsBelowMax--
--Output from testDateCreatedIsRequired--
--Output from testPasswordIsRequired--
--Output from testEmailIsRequired--
]]></system-err>
</testsuite>
