<?xml version="1.0" encoding="UTF-8" ?>
<testsuite errors="0" failures="0" hostname="user-HP" name="auctionhaus.CustomerControllerTests" tests="2" time="2.39" timestamp="2012-04-12T23:55:43">
  <properties />
  <testcase classname="auctionhaus.CustomerControllerTests" name="testIndex" time="0.325" />
  <testcase classname="auctionhaus.CustomerControllerTests" name="testDelete" time="1.96" />
  <system-out><![CDATA[--Output from testIndex--
--Output from testDelete--
]]></system-out>
  <system-err><![CDATA[--Output from testIndex--
--Output from testDelete--
]]></system-err>
</testsuite>
