<?xml version="1.0" encoding="UTF-8" ?>
<testsuite errors="1" failures="0" hostname="user-HP" name="auctionhaus.BiddingTests" tests="1" time="1.359" timestamp="2012-04-13T01:30:46">
  <properties />
  <testcase classname="auctionhaus.BiddingTests" name="testBidsAreRequiredToBeForListing" time="1.303">
    <error message="No such property: bidding for class: auctionhaus.BiddingTests&#xa;Possible solutions: bidder, listing" type="groovy.lang.MissingPropertyException">groovy.lang.MissingPropertyException: No such property: bidding for class: auctionhaus.BiddingTests
Possible solutions: bidder, listing
	at auctionhaus.BiddingTests.testBidsAreRequiredToBeForListing(BiddingTests.groovy:48)
</error>
  </testcase>
  <system-out><![CDATA[]]></system-out>
  <system-err><![CDATA[--Output from testBidsAreRequiredToBeForListing--
]]></system-err>
</testsuite>
