<?xml version="1.0" encoding="UTF-8" ?>
<testsuite errors="0" failures="0" hostname="user-HP" name="auctionhaus.ListingNotificationServiceTests" tests="1" time="0.225" timestamp="2012-04-12T23:56:15">
  <properties />
  <testcase classname="auctionhaus.ListingNotificationServiceTests" name="testListingEndedSendJMS" time="0.225" />
  <system-out><![CDATA[--Output from testListingEndedSendJMS--
Listing ended call for Cup
sendListingEndedJMS for Cup
exception: java.lang.NullPointerException: Cannot invoke method send() on null object
false]]></system-out>
  <system-err><![CDATA[--Output from testListingEndedSendJMS--
]]></system-err>
</testsuite>
