<?xml version="1.0" encoding="UTF-8" ?>
<testsuite errors="0" failures="0" hostname="CFOIT200756262" name="auctionhaus.BiddingIntegrationTests" tests="2" time="1.372" timestamp="2012-02-17T18:22:33">
  <properties />
  <testcase classname="auctionhaus.BiddingIntegrationTests" name="testBidAmountIsFiftyCentHigherThanPreviousBid" time="0.995" />
  <testcase classname="auctionhaus.BiddingIntegrationTests" name="testBiddingIsSavedWhenListingIsSaved" time="0.342" />
  <system-out><![CDATA[]]></system-out>
  <system-err><![CDATA[--Output from testBidAmountIsFiftyCentHigherThanPreviousBid--
--Output from testBiddingIsSavedWhenListingIsSaved--
]]></system-err>
</testsuite>
