<?xml version="1.0" encoding="UTF-8" ?>
<testsuite errors="0" failures="0" hostname="user-HP" name="auctionhaus.ListingTests" tests="11" time="0.49" timestamp="2012-04-12T23:55:53">
  <properties />
  <testcase classname="auctionhaus.ListingTests" name="testLengthOfDescriptionTooLong" time="0.06" />
  <testcase classname="auctionhaus.ListingTests" name="testNameIsNotBlank" time="0.035" />
  <testcase classname="auctionhaus.ListingTests" name="testNameIsRequired" time="0.035" />
  <testcase classname="auctionhaus.ListingTests" name="testLengthOfNameTooLong" time="0.035" />
  <testcase classname="auctionhaus.ListingTests" name="testLengthOfNameOK" time="0.035" />
  <testcase classname="auctionhaus.ListingTests" name="testDateNotNull" time="0.03" />
  <testcase classname="auctionhaus.ListingTests" name="testDateIsInFuture" time="0.035" />
  <testcase classname="auctionhaus.ListingTests" name="testPriceStartedIsRequired" time="0.03" />
  <testcase classname="auctionhaus.ListingTests" name="testPriceStartedIsValid" time="0.035" />
  <testcase classname="auctionhaus.ListingTests" name="testSellerIsRequired" time="0.03" />
  <testcase classname="auctionhaus.ListingTests" name="testLengthOfDescriptionOK" time="0.035" />
  <system-out><![CDATA[--Output from testLengthOfDescriptionTooLong--
--Output from testNameIsNotBlank--
--Output from testNameIsRequired--
--Output from testLengthOfNameTooLong--
--Output from testLengthOfNameOK--
--Output from testDateNotNull--
--Output from testDateIsInFuture--
--Output from testPriceStartedIsRequired--
--Output from testPriceStartedIsValid--
--Output from testSellerIsRequired--
--Output from testLengthOfDescriptionOK--
]]></system-out>
  <system-err><![CDATA[--Output from testLengthOfDescriptionTooLong--
--Output from testNameIsNotBlank--
--Output from testNameIsRequired--
--Output from testLengthOfNameTooLong--
--Output from testLengthOfNameOK--
--Output from testDateNotNull--
--Output from testDateIsInFuture--
--Output from testPriceStartedIsRequired--
--Output from testPriceStartedIsValid--
--Output from testSellerIsRequired--
--Output from testLengthOfDescriptionOK--
]]></system-err>
</testsuite>
