<?xml version="1.0" encoding="UTF-8" ?>
<testsuite errors="0" failures="0" hostname="user-HP" name="auctionhaus.CustomerTests" tests="7" time="0.905" timestamp="2012-02-15T22:47:44">
  <properties />
  <testcase classname="auctionhaus.CustomerTests" name="testPasswordIsBetweenRightSize" time="0.702" />
  <testcase classname="auctionhaus.CustomerTests" name="testEmailIsRequired" time="0.016" />
  <testcase classname="auctionhaus.CustomerTests" name="testPasswordIsRequired" time="0.016" />
  <testcase classname="auctionhaus.CustomerTests" name="testDateCreatedIsRequired" time="0.031" />
  <testcase classname="auctionhaus.CustomerTests" name="testPasswordIsBelowMax" time="0.031" />
  <testcase classname="auctionhaus.CustomerTests" name="testPasswordIsAboveMin" time="0.016" />
  <testcase classname="auctionhaus.CustomerTests" name="testEmailIsValid" time="0.032" />
  <system-out><![CDATA[--Output from testPasswordIsBetweenRightSize--
--Output from testEmailIsRequired--
--Output from testPasswordIsRequired--
--Output from testDateCreatedIsRequired--
--Output from testPasswordIsBelowMax--
--Output from testPasswordIsAboveMin--
--Output from testEmailIsValid--
]]></system-out>
  <system-err><![CDATA[--Output from testPasswordIsBetweenRightSize--
--Output from testEmailIsRequired--
--Output from testPasswordIsRequired--
--Output from testDateCreatedIsRequired--
--Output from testPasswordIsBelowMax--
--Output from testPasswordIsAboveMin--
--Output from testEmailIsValid--
]]></system-err>
</testsuite>
