<?xml version="1.0" encoding="UTF-8" ?>
<testsuite errors="2" failures="0" hostname="user-HP" name="auctionhaus.ListingControllerTests" tests="5" time="6.115" timestamp="2012-04-12T23:55:46">
  <properties />
  <testcase classname="auctionhaus.ListingControllerTests" name="testIndex" time="0.31" />
  <testcase classname="auctionhaus.ListingControllerTests" name="testAddBids" time="2.645">
    <error message="Cannot invoke method size() on null object" type="java.lang.NullPointerException">java.lang.NullPointerException: Cannot invoke method size() on null object
	at auctionhaus.ListingControllerTests.testAddBids(ListingControllerTests.groovy:47)
</error>
  </testcase>
  <testcase classname="auctionhaus.ListingControllerTests" name="testFlashAddBidFail" time="1.47" />
  <testcase classname="auctionhaus.ListingControllerTests" name="testFlashAddBidSuccessful" time="0.245" />
  <testcase classname="auctionhaus.ListingControllerTests" name="testInvalidAddBids" time="1.22">
    <error message="Cannot invoke method size() on null object" type="java.lang.NullPointerException">java.lang.NullPointerException: Cannot invoke method size() on null object
	at auctionhaus.ListingControllerTests.testInvalidAddBids(ListingControllerTests.groovy:80)
</error>
  </testcase>
  <system-out><![CDATA[--Output from testIndex--
--Output from testAddBids--
--Output from testFlashAddBidFail--
--Output from testFlashAddBidSuccessful--
--Output from testInvalidAddBids--
]]></system-out>
  <system-err><![CDATA[--Output from testIndex--
--Output from testAddBids--
--Output from testFlashAddBidFail--
--Output from testFlashAddBidSuccessful--
--Output from testInvalidAddBids--
]]></system-err>
</testsuite>
