<?xml version="1.0" encoding="UTF-8" ?>
<testsuite errors="0" failures="0" hostname="user-HP" name="auctionhaus.BiddingIntegrationTests" tests="2" time="1.093" timestamp="2012-02-16T00:41:05">
  <properties />
  <testcase classname="auctionhaus.BiddingIntegrationTests" name="testBiddingIsSavedWhenListingIsSaved" time="0.92" />
  <testcase classname="auctionhaus.BiddingIntegrationTests" name="testBidAmountIsFiftyCentHigherThanPreviousBid" time="0.165" />
  <system-out><![CDATA[--Output from testBiddingIsSavedWhenListingIsSaved--
--Output from testBidAmountIsFiftyCentHigherThanPreviousBid--
2.00
]]></system-out>
  <system-err><![CDATA[--Output from testBiddingIsSavedWhenListingIsSaved--
--Output from testBidAmountIsFiftyCentHigherThanPreviousBid--
]]></system-err>
</testsuite>
