<?xml version="1.0" encoding="UTF-8" ?>
<testsuite errors="0" failures="0" hostname="ujjwal-PC" name="auctionhaus.ListingControllerTests" tests="1" time="7.446" timestamp="2012-03-09T05:00:50">
  <properties />
  <testcase classname="auctionhaus.ListingControllerTests" name="testAddBids" time="7.389" />
  <system-out><![CDATA[]]></system-out>
  <system-err><![CDATA[--Output from testAddBids--
]]></system-err>
</testsuite>
