<?xml version="1.0" encoding="UTF-8" ?>
<testsuite errors="0" failures="0" hostname="user-HP" name="auctionhaus.BiddingTests" tests="5" time="2.709" timestamp="2012-02-16T00:40:44">
  <properties />
  <testcase classname="auctionhaus.BiddingTests" name="testBidsAreRequiredToBeForListing" time="1.27" />
  <testcase classname="auctionhaus.BiddingTests" name="testBidsAreRequiredToHaveABidder" time="0.047" />
  <testcase classname="auctionhaus.BiddingTests" name="testDateCreatedIsAssigned" time="0.053" />
  <testcase classname="auctionhaus.BiddingTests" name="testAmountIsRequired" time="0.043" />
  <testcase classname="auctionhaus.BiddingTests" name="testListingHasListOfBids" time="1.188" />
  <system-out><![CDATA[--Output from testBidsAreRequiredToBeForListing--
--Output from testBidsAreRequiredToHaveABidder--
--Output from testDateCreatedIsAssigned--
--Output from testAmountIsRequired--
--Output from testListingHasListOfBids--
]]></system-out>
  <system-err><![CDATA[--Output from testBidsAreRequiredToBeForListing--
--Output from testBidsAreRequiredToHaveABidder--
--Output from testDateCreatedIsAssigned--
--Output from testAmountIsRequired--
--Output from testListingHasListOfBids--
]]></system-err>
</testsuite>
